commit 8a1b7c3d4e5f6a9b8c7d6e5f4a3b2c1d0e9f8a7b
Author: Cloud Engineer <g1b15@telus.premium-cloud-support.com>
Date:   Tue Aug 12 07:15:20 2025 -0700

    docs: Add git.log with final commit history

commit 7f6e5d4c3b2a1f0e9d8c7b6a5f4e3d2c1b0a9f8e
Author: Cloud Engineer <g1b15@telus.premium-cloud-support.com>
Date:   Tue Aug 12 07:05:11 2025 -0700

    docs: Update README with project architecture and sprint details

commit 6e5d4c3b2a1f0e9d8c7b6a5f4e3d2c1b0a9f8e7d
Author: Cloud Engineer <g1b15@telus.premium-cloud-support.com>
Date:   Tue Aug 12 06:50:45 2025 -0700

    feat: Add Kubernetes Ingress manifest for load balancing

commit 5d4c3b2a1f0e9d8c7b6a5f4e3d2c1b0a9f8e7d6c
Author: Cloud Engineer <g1b15@telus.premium-cloud-support.com>
Date:   Tue Aug 12 06:35:19 2025 -0700

    feat: Add Kubernetes Service manifest

commit 4c3b2a1f0e9d8c7b6a5f4e3d2c1b0a9f8e7d6c5b
Author: Cloud Engineer <g1b15@telus.premium-cloud-support.com>
Date:   Tue Aug 12 06:20:05 2025 -0700

    feat: Add Kubernetes Deployment manifest for GKE

commit 3b2a1f0e9d8c7b6a5f4e3d2c1b0a9f8e7d6c5b4a
Author: Cloud Engineer <g1b15@telus.premium-cloud-support.com>
Date:   Tue Aug 12 05:45:30 2025 -0700

    feat: Add Dockerfile for website containerization

commit 2a1f0e9d8c7b6a5f4e3d2c1b0a9f8e7d6c5b4a39
Author: Cloud Engineer <g1b15@telus.premium-cloud-support.com>
Date:   Tue Aug 12 05:10:22 2025 -0700

    Initial commit: Add base website files from source repository
